
*** Running vivado
    with args -log vga_top.vds -m64 -product Vivado -mode batch -messageDb vivado.pb -notrace -source vga_top.tcl



****** Vivado v2024.1 (64-bit)
  **** SW Build 5076996 on Wed May 22 18:37:14 MDT 2024
  **** IP Build 5075265 on Wed May 22 21:45:21 MDT 2024
  **** SharedData Build 5076995 on Wed May 22 18:29:18 MDT 2024
  **** Start of session at: Mon Nov 25 11:29:22 2024
    ** Copyright 1986-2022 Xilinx, Inc. All Rights Reserved.
    ** Copyright 2022-2024 Advanced Micro Devices, Inc. All Rights Reserved.

source vga_top.tcl -notrace
Command: read_checkpoint -auto_incremental -incremental C:/Users/jsorkin/ec311project/ec311project.srcs/utils_1/imports/synth_1/ball_collision.dcp
INFO: [Vivado 12-5825] Read reference checkpoint from C:/Users/jsorkin/ec311project/ec311project.srcs/utils_1/imports/synth_1/ball_collision.dcp for incremental synthesis
INFO: [Vivado 12-7989] Please ensure there are no constraint changes
Command: synth_design -top vga_top -part xc7a100tcsg324-1
Starting synth_design
Attempting to get a license for feature 'Synthesis' and/or device 'xc7a100t'
INFO: [Common 17-349] Got license for feature 'Synthesis' and/or device 'xc7a100t'
INFO: [Device 21-403] Loading part xc7a100tcsg324-1
INFO: [Device 21-9227] Part: xc7a100tcsg324-1 does not have CEAM library.
INFO: [Designutils 20-5440] No compile time benefit to using incremental synthesis; A full resynthesis will be run
INFO: [Designutils 20-4379] Flow is switching to default flow due to incremental criteria not met. If you would like to alter this behaviour and have the flow terminate instead, please set the following parameter config_implementation {autoIncr.Synth.RejectBehavior Terminate}
INFO: [Synth 8-7079] Multithreading enabled for synth_design using a maximum of 2 processes.
INFO: [Synth 8-7078] Launching helper process for spawning children vivado processes
WARNING: [Common 17-1361] You have specified a new message control rule that is equivalent to an existing rule with attributes ' -id {17-179}  -suppress '. The existing rule will be replaced.
INFO: [Synth 8-7075] Helper process launched with PID 11120
---------------------------------------------------------------------------------
Starting RTL Elaboration : Time (s): cpu = 00:00:03 ; elapsed = 00:00:03 . Memory (MB): peak = 1500.340 ; gain = 448.430
---------------------------------------------------------------------------------
INFO: [Synth 8-11241] undeclared symbol 'padRY', assumed default net type 'wire' [C:/Users/jsorkin/ec311project/ec311project.srcs/sources_1/new/vga_top.v:42]
INFO: [Synth 8-6157] synthesizing module 'vga_top' [C:/Users/jsorkin/ec311project/ec311project.srcs/sources_1/new/vga_top.v:23]
INFO: [Synth 8-6157] synthesizing module 'clk_divider' [C:/Users/jsorkin/ec311project/ec311project.srcs/sources_1/new/clk_divider.v:22]
INFO: [Synth 8-6155] done synthesizing module 'clk_divider' (0#1) [C:/Users/jsorkin/ec311project/ec311project.srcs/sources_1/new/clk_divider.v:22]
INFO: [Synth 8-6157] synthesizing module 'game_clock_divider' [C:/Users/jsorkin/ec311project/ec311project.srcs/sources_1/new/game_clock_divider.v:21]
INFO: [Synth 8-6155] done synthesizing module 'game_clock_divider' (0#1) [C:/Users/jsorkin/ec311project/ec311project.srcs/sources_1/new/game_clock_divider.v:21]
INFO: [Synth 8-6157] synthesizing module 'ball' [C:/Users/jsorkin/ec311project/ec311project.srcs/sources_1/new/ball.v:2]
INFO: [Synth 8-6155] done synthesizing module 'ball' (0#1) [C:/Users/jsorkin/ec311project/ec311project.srcs/sources_1/new/ball.v:2]
WARNING: [Synth 8-689] width (5) of port connection 'velocity_x' does not match port width (6) of module 'ball' [C:/Users/jsorkin/ec311project/ec311project.srcs/sources_1/new/vga_top.v:41]
WARNING: [Synth 8-689] width (5) of port connection 'velocity_y' does not match port width (6) of module 'ball' [C:/Users/jsorkin/ec311project/ec311project.srcs/sources_1/new/vga_top.v:41]
WARNING: [Synth 8-4446] all outputs are unconnected for this instance and logic may be removed [C:/Users/jsorkin/ec311project/ec311project.srcs/sources_1/new/vga_top.v:42]
INFO: [Synth 8-6157] synthesizing module 'ball_collision' [C:/Users/jsorkin/ec311project/ec311project.srcs/sources_1/new/ball_collision.v:4]
INFO: [Synth 8-6155] done synthesizing module 'ball_collision' (0#1) [C:/Users/jsorkin/ec311project/ec311project.srcs/sources_1/new/ball_collision.v:4]
WARNING: [Synth 8-689] width (1) of port connection 'paddle1_y' does not match port width (10) of module 'ball_collision' [C:/Users/jsorkin/ec311project/ec311project.srcs/sources_1/new/vga_top.v:42]
WARNING: [Synth 8-689] width (5) of port connection 'ball_y' does not match port width (10) of module 'ball_collision' [C:/Users/jsorkin/ec311project/ec311project.srcs/sources_1/new/vga_top.v:42]
WARNING: [Synth 8-7071] port 'velocity_x' of module 'ball_collision' is unconnected for instance 'physics' [C:/Users/jsorkin/ec311project/ec311project.srcs/sources_1/new/vga_top.v:42]
WARNING: [Synth 8-7071] port 'velocity_y' of module 'ball_collision' is unconnected for instance 'physics' [C:/Users/jsorkin/ec311project/ec311project.srcs/sources_1/new/vga_top.v:42]
WARNING: [Synth 8-7023] instance 'physics' of module 'ball_collision' has 11 connections declared, but only 9 given [C:/Users/jsorkin/ec311project/ec311project.srcs/sources_1/new/vga_top.v:42]
INFO: [Synth 8-6157] synthesizing module 'paddle' [C:/Users/jsorkin/ec311project/ec311project.srcs/sources_1/new/paddle.v:1]
INFO: [Synth 8-6155] done synthesizing module 'paddle' (0#1) [C:/Users/jsorkin/ec311project/ec311project.srcs/sources_1/new/paddle.v:1]
WARNING: [Synth 8-689] width (1) of port connection 'paddle_y' does not match port width (10) of module 'paddle' [C:/Users/jsorkin/ec311project/ec311project.srcs/sources_1/new/vga_top.v:45]
INFO: [Synth 8-6157] synthesizing module 'vga_controller' [C:/Users/jsorkin/ec311project/ec311project.srcs/sources_1/new/vga_controller.v:23]
INFO: [Synth 8-6157] synthesizing module 'rectangle' [C:/Users/jsorkin/ec311project/ec311project.srcs/sources_1/new/rectangle.v:23]
INFO: [Synth 8-6155] done synthesizing module 'rectangle' (0#1) [C:/Users/jsorkin/ec311project/ec311project.srcs/sources_1/new/rectangle.v:23]
WARNING: [Synth 8-689] width (10) of port connection 'x_pos' does not match port width (12) of module 'rectangle' [C:/Users/jsorkin/ec311project/ec311project.srcs/sources_1/new/vga_controller.v:113]
WARNING: [Synth 8-689] width (10) of port connection 'y_pos' does not match port width (12) of module 'rectangle' [C:/Users/jsorkin/ec311project/ec311project.srcs/sources_1/new/vga_controller.v:113]
WARNING: [Synth 8-689] width (32) of port connection 'x_draw' does not match port width (12) of module 'rectangle' [C:/Users/jsorkin/ec311project/ec311project.srcs/sources_1/new/vga_controller.v:113]
WARNING: [Synth 8-689] width (32) of port connection 'y_draw' does not match port width (12) of module 'rectangle' [C:/Users/jsorkin/ec311project/ec311project.srcs/sources_1/new/vga_controller.v:113]
WARNING: [Synth 8-689] width (10) of port connection 'y_pos' does not match port width (12) of module 'rectangle' [C:/Users/jsorkin/ec311project/ec311project.srcs/sources_1/new/vga_controller.v:114]
WARNING: [Synth 8-689] width (32) of port connection 'x_draw' does not match port width (12) of module 'rectangle' [C:/Users/jsorkin/ec311project/ec311project.srcs/sources_1/new/vga_controller.v:114]
WARNING: [Synth 8-689] width (32) of port connection 'y_draw' does not match port width (12) of module 'rectangle' [C:/Users/jsorkin/ec311project/ec311project.srcs/sources_1/new/vga_controller.v:114]
WARNING: [Synth 8-689] width (10) of port connection 'y_pos' does not match port width (12) of module 'rectangle' [C:/Users/jsorkin/ec311project/ec311project.srcs/sources_1/new/vga_controller.v:115]
WARNING: [Synth 8-689] width (32) of port connection 'x_draw' does not match port width (12) of module 'rectangle' [C:/Users/jsorkin/ec311project/ec311project.srcs/sources_1/new/vga_controller.v:115]
WARNING: [Synth 8-689] width (32) of port connection 'y_draw' does not match port width (12) of module 'rectangle' [C:/Users/jsorkin/ec311project/ec311project.srcs/sources_1/new/vga_controller.v:115]
INFO: [Synth 8-6155] done synthesizing module 'vga_controller' (0#1) [C:/Users/jsorkin/ec311project/ec311project.srcs/sources_1/new/vga_controller.v:23]
WARNING: [Synth 8-689] width (1) of port connection 'pad_r_y' does not match port width (10) of module 'vga_controller' [C:/Users/jsorkin/ec311project/ec311project.srcs/sources_1/new/vga_top.v:48]
INFO: [Synth 8-6155] done synthesizing module 'vga_top' (0#1) [C:/Users/jsorkin/ec311project/ec311project.srcs/sources_1/new/vga_top.v:23]
WARNING: [Synth 8-6014] Unused sequential element distBallPaddle1_y_reg was removed.  [C:/Users/jsorkin/ec311project/ec311project.srcs/sources_1/new/ball_collision.v:39]
WARNING: [Synth 8-6014] Unused sequential element distBallPaddle2_y_reg was removed.  [C:/Users/jsorkin/ec311project/ec311project.srcs/sources_1/new/ball_collision.v:41]
WARNING: [Synth 8-6014] Unused sequential element distBallPaddle1_x_reg was removed.  [C:/Users/jsorkin/ec311project/ec311project.srcs/sources_1/new/ball_collision.v:46]
WARNING: [Synth 8-6014] Unused sequential element distBallPaddle2_x_reg was removed.  [C:/Users/jsorkin/ec311project/ec311project.srcs/sources_1/new/ball_collision.v:52]
WARNING: [Synth 8-3848] Net ball_vx in module/entity vga_top does not have driver. [C:/Users/jsorkin/ec311project/ec311project.srcs/sources_1/new/vga_top.v:34]
WARNING: [Synth 8-3848] Net ball_vy in module/entity vga_top does not have driver. [C:/Users/jsorkin/ec311project/ec311project.srcs/sources_1/new/vga_top.v:34]
---------------------------------------------------------------------------------
Finished RTL Elaboration : Time (s): cpu = 00:00:04 ; elapsed = 00:00:04 . Memory (MB): peak = 1611.465 ; gain = 559.555
---------------------------------------------------------------------------------
---------------------------------------------------------------------------------
Start Handling Custom Attributes
---------------------------------------------------------------------------------
---------------------------------------------------------------------------------
Finished Handling Custom Attributes : Time (s): cpu = 00:00:04 ; elapsed = 00:00:04 . Memory (MB): peak = 1611.465 ; gain = 559.555
---------------------------------------------------------------------------------
---------------------------------------------------------------------------------
Finished RTL Optimization Phase 1 : Time (s): cpu = 00:00:04 ; elapsed = 00:00:04 . Memory (MB): peak = 1611.465 ; gain = 559.555
---------------------------------------------------------------------------------
Netlist sorting complete. Time (s): cpu = 00:00:00 ; elapsed = 00:00:00.006 . Memory (MB): peak = 1611.465 ; gain = 0.000
INFO: [Project 1-570] Preparing netlist for logic optimization

Processing XDC Constraints
Initializing timing engine
Parsing XDC File [C:/Users/jsorkin/ec311project/ec311project.srcs/constrs_1/Nexys4DDR_Master.xdc]
Finished Parsing XDC File [C:/Users/jsorkin/ec311project/ec311project.srcs/constrs_1/Nexys4DDR_Master.xdc]
INFO: [Project 1-236] Implementation specific constraints were found while reading constraint file [C:/Users/jsorkin/ec311project/ec311project.srcs/constrs_1/Nexys4DDR_Master.xdc]. These constraints will be ignored for synthesis but will be used in implementation. Impacted constraints are listed in the file [.Xil/vga_top_propImpl.xdc].
Resolution: To avoid this warning, move constraints listed in [.Xil/vga_top_propImpl.xdc] to another XDC file and exclude this new file from synthesis with the used_in_synthesis property (File Properties dialog in GUI) and re-run elaboration/synthesis.
Completed Processing XDC Constraints

Netlist sorting complete. Time (s): cpu = 00:00:00 ; elapsed = 00:00:00 . Memory (MB): peak = 1704.719 ; gain = 0.000
INFO: [Project 1-111] Unisim Transformation Summary:
No Unisim elements were transformed.

Constraint Validation Runtime : Time (s): cpu = 00:00:00 ; elapsed = 00:00:00.002 . Memory (MB): peak = 1704.719 ; gain = 0.000
INFO: [Designutils 20-5440] No compile time benefit to using incremental synthesis; A full resynthesis will be run
INFO: [Designutils 20-4379] Flow is switching to default flow due to incremental criteria not met. If you would like to alter this behaviour and have the flow terminate instead, please set the following parameter config_implementation {autoIncr.Synth.RejectBehavior Terminate}
---------------------------------------------------------------------------------
Finished Constraint Validation : Time (s): cpu = 00:00:09 ; elapsed = 00:00:09 . Memory (MB): peak = 1704.719 ; gain = 652.809
---------------------------------------------------------------------------------
---------------------------------------------------------------------------------
Start Loading Part and Timing Information
---------------------------------------------------------------------------------
Loading part: xc7a100tcsg324-1
---------------------------------------------------------------------------------
Finished Loading Part and Timing Information : Time (s): cpu = 00:00:09 ; elapsed = 00:00:09 . Memory (MB): peak = 1704.719 ; gain = 652.809
---------------------------------------------------------------------------------
---------------------------------------------------------------------------------
Start Applying 'set_property' XDC Constraints
---------------------------------------------------------------------------------
---------------------------------------------------------------------------------
Finished applying 'set_property' XDC Constraints : Time (s): cpu = 00:00:09 ; elapsed = 00:00:09 . Memory (MB): peak = 1704.719 ; gain = 652.809
---------------------------------------------------------------------------------
---------------------------------------------------------------------------------
Finished RTL Optimization Phase 2 : Time (s): cpu = 00:00:09 ; elapsed = 00:00:10 . Memory (MB): peak = 1704.719 ; gain = 652.809
---------------------------------------------------------------------------------
---------------------------------------------------------------------------------
Start RTL Component Statistics 
---------------------------------------------------------------------------------
Detailed RTL Component Info : 
+---Adders : 
	   2 Input   33 Bit       Adders := 1     
	   3 Input   12 Bit       Adders := 6     
	   2 Input   12 Bit       Adders := 6     
	   2 Input   11 Bit       Adders := 2     
	   2 Input   10 Bit       Adders := 10    
	   3 Input   10 Bit       Adders := 4     
	   2 Input    7 Bit       Adders := 1     
	   2 Input    6 Bit       Adders := 1     
	   2 Input    5 Bit       Adders := 2     
	   2 Input    1 Bit       Adders := 1     
+---Registers : 
	               33 Bit    Registers := 1     
	               32 Bit    Registers := 2     
	               10 Bit    Registers := 6     
	                5 Bit    Registers := 2     
	                4 Bit    Registers := 3     
	                3 Bit    Registers := 1     
	                1 Bit    Registers := 8     
+---Muxes : 
	   2 Input   32 Bit        Muxes := 8     
	   2 Input   12 Bit        Muxes := 6     
	   2 Input   10 Bit        Muxes := 4     
	   2 Input    5 Bit        Muxes := 2     
	   3 Input    3 Bit        Muxes := 1     
	   2 Input    1 Bit        Muxes := 12    
---------------------------------------------------------------------------------
Finished RTL Component Statistics 
---------------------------------------------------------------------------------
---------------------------------------------------------------------------------
Start Part Resource Summary
---------------------------------------------------------------------------------
Part Resources:
DSPs: 240 (col length:80)
BRAMs: 270 (col length: RAMB18 80 RAMB36 40)
---------------------------------------------------------------------------------
Finished Part Resource Summary
---------------------------------------------------------------------------------
---------------------------------------------------------------------------------
Start Cross Boundary and Area Optimization
---------------------------------------------------------------------------------
WARNING: [Synth 8-7080] Parallel synthesis criteria is not met
---------------------------------------------------------------------------------
Finished Cross Boundary and Area Optimization : Time (s): cpu = 00:00:11 ; elapsed = 00:00:11 . Memory (MB): peak = 1704.719 ; gain = 652.809
---------------------------------------------------------------------------------
---------------------------------------------------------------------------------
Start Applying XDC Timing Constraints
---------------------------------------------------------------------------------
---------------------------------------------------------------------------------
Finished Applying XDC Timing Constraints : Time (s): cpu = 00:00:14 ; elapsed = 00:00:15 . Memory (MB): peak = 1704.719 ; gain = 652.809
---------------------------------------------------------------------------------
---------------------------------------------------------------------------------
Start Timing Optimization
---------------------------------------------------------------------------------
---------------------------------------------------------------------------------
Finished Timing Optimization : Time (s): cpu = 00:00:14 ; elapsed = 00:00:15 . Memory (MB): peak = 1704.719 ; gain = 652.809
---------------------------------------------------------------------------------
---------------------------------------------------------------------------------
Start Technology Mapping
---------------------------------------------------------------------------------
---------------------------------------------------------------------------------
Finished Technology Mapping : Time (s): cpu = 00:00:14 ; elapsed = 00:00:15 . Memory (MB): peak = 1704.719 ; gain = 652.809
---------------------------------------------------------------------------------
---------------------------------------------------------------------------------
Start IO Insertion
---------------------------------------------------------------------------------
---------------------------------------------------------------------------------
Start Flattening Before IO Insertion
---------------------------------------------------------------------------------
---------------------------------------------------------------------------------
Finished Flattening Before IO Insertion
---------------------------------------------------------------------------------
---------------------------------------------------------------------------------
Start Final Netlist Cleanup
---------------------------------------------------------------------------------
---------------------------------------------------------------------------------
Finished Final Netlist Cleanup
---------------------------------------------------------------------------------
---------------------------------------------------------------------------------
Finished IO Insertion : Time (s): cpu = 00:00:17 ; elapsed = 00:00:18 . Memory (MB): peak = 1704.719 ; gain = 652.809
---------------------------------------------------------------------------------
---------------------------------------------------------------------------------
Start Renaming Generated Instances
---------------------------------------------------------------------------------
---------------------------------------------------------------------------------
Finished Renaming Generated Instances : Time (s): cpu = 00:00:17 ; elapsed = 00:00:18 . Memory (MB): peak = 1704.719 ; gain = 652.809
---------------------------------------------------------------------------------
---------------------------------------------------------------------------------
Start Rebuilding User Hierarchy
---------------------------------------------------------------------------------
---------------------------------------------------------------------------------
Finished Rebuilding User Hierarchy : Time (s): cpu = 00:00:17 ; elapsed = 00:00:18 . Memory (MB): peak = 1704.719 ; gain = 652.809
---------------------------------------------------------------------------------
---------------------------------------------------------------------------------
Start Renaming Generated Ports
---------------------------------------------------------------------------------
---------------------------------------------------------------------------------
Finished Renaming Generated Ports : Time (s): cpu = 00:00:17 ; elapsed = 00:00:18 . Memory (MB): peak = 1704.719 ; gain = 652.809
---------------------------------------------------------------------------------
---------------------------------------------------------------------------------
Start Handling Custom Attributes
---------------------------------------------------------------------------------
---------------------------------------------------------------------------------
Finished Handling Custom Attributes : Time (s): cpu = 00:00:17 ; elapsed = 00:00:18 . Memory (MB): peak = 1704.719 ; gain = 652.809
---------------------------------------------------------------------------------
---------------------------------------------------------------------------------
Start Renaming Generated Nets
---------------------------------------------------------------------------------
---------------------------------------------------------------------------------
Finished Renaming Generated Nets : Time (s): cpu = 00:00:17 ; elapsed = 00:00:18 . Memory (MB): peak = 1704.719 ; gain = 652.809
---------------------------------------------------------------------------------
---------------------------------------------------------------------------------
Start Writing Synthesis Report
---------------------------------------------------------------------------------

Report BlackBoxes: 
+-+--------------+----------+
| |BlackBox name |Instances |
+-+--------------+----------+
+-+--------------+----------+

Report Cell Usage: 
+------+-------+------+
|      |Cell   |Count |
+------+-------+------+
|1     |BUFG   |     1|
|2     |CARRY4 |    41|
|3     |LUT1   |    49|
|4     |LUT2   |    23|
|5     |LUT3   |    11|
|6     |LUT4   |    38|
|7     |LUT5   |    72|
|8     |LUT6   |    56|
|9     |FDCE   |    34|
|10    |FDRE   |    33|
|11    |FDSE   |    11|
|12    |IBUF   |     4|
|13    |OBUF   |    14|
+------+-------+------+
---------------------------------------------------------------------------------
Finished Writing Synthesis Report : Time (s): cpu = 00:00:17 ; elapsed = 00:00:18 . Memory (MB): peak = 1704.719 ; gain = 652.809
---------------------------------------------------------------------------------
Synthesis finished with 0 errors, 0 critical warnings and 1 warnings.
Synthesis Optimization Runtime : Time (s): cpu = 00:00:12 ; elapsed = 00:00:17 . Memory (MB): peak = 1704.719 ; gain = 559.555
Synthesis Optimization Complete : Time (s): cpu = 00:00:17 ; elapsed = 00:00:18 . Memory (MB): peak = 1704.719 ; gain = 652.809
INFO: [Project 1-571] Translating synthesized netlist
Netlist sorting complete. Time (s): cpu = 00:00:00 ; elapsed = 00:00:00.003 . Memory (MB): peak = 1704.719 ; gain = 0.000
INFO: [Netlist 29-17] Analyzing 41 Unisim elements for replacement
INFO: [Netlist 29-28] Unisim Transformation completed in 0 CPU seconds
INFO: [Project 1-570] Preparing netlist for logic optimization
INFO: [Opt 31-138] Pushed 0 inverter(s) to 0 load pin(s).
Netlist sorting complete. Time (s): cpu = 00:00:00 ; elapsed = 00:00:00 . Memory (MB): peak = 1704.719 ; gain = 0.000
INFO: [Project 1-111] Unisim Transformation Summary:
No Unisim elements were transformed.

Synth Design complete | Checksum: 26d3b39c
INFO: [Common 17-83] Releasing license: Synthesis
39 Infos, 28 Warnings, 0 Critical Warnings and 0 Errors encountered.
synth_design completed successfully
synth_design: Time (s): cpu = 00:00:20 ; elapsed = 00:00:22 . Memory (MB): peak = 1704.719 ; gain = 1069.887
Write ShapeDB Complete: Time (s): cpu = 00:00:00 ; elapsed = 00:00:00.001 . Memory (MB): peak = 1704.719 ; gain = 0.000
INFO: [Common 17-1381] The checkpoint 'C:/Users/jsorkin/ec311project/ec311project.runs/synth_1/vga_top.dcp' has been generated.
INFO: [Vivado 12-24828] Executing command : report_utilization -file vga_top_utilization_synth.rpt -pb vga_top_utilization_synth.pb
INFO: [Common 17-206] Exiting Vivado at Mon Nov 25 11:29:52 2024...
